INFO:uvicorn.error:Started server process [46932]
INFO:uvicorn.error:Waiting for application startup.
INFO:uvicorn.error:Application startup complete.
INFO:uvicorn.error:Uvicorn running on http://127.0.0.1:8080 (Press CTRL+C to quit)
INFO:uvicorn.error:Started server process [41768]
INFO:uvicorn.error:Waiting for application startup.
INFO:uvicorn.error:Application startup complete.
INFO:uvicorn.error:Uvicorn running on http://127.0.0.1:8080 (Press CTRL+C to quit)
INFO:uvicorn.error:('127.0.0.1', 9215) - "WebSocket /onebot/v11/ws" [accepted]
INFO:uvicorn.error:connection open
INFO:uvicorn.error:Started server process [47272]
INFO:uvicorn.error:Waiting for application startup.
INFO:uvicorn.error:Application startup complete.
INFO:uvicorn.error:Uvicorn running on http://127.0.0.1:8080 (Press CTRL+C to quit)
INFO:uvicorn.error:('127.0.0.1', 2708) - "WebSocket /onebot/v11/ws" [accepted]
INFO:uvicorn.error:connection open
INFO:uvicorn.error:Shutting down
INFO:uvicorn.error:connection closed
INFO:uvicorn.error:Waiting for application shutdown.
INFO:uvicorn.error:Application shutdown complete.
INFO:uvicorn.error:Finished server process [47272]
INFO:uvicorn.error:Started server process [45640]
INFO:uvicorn.error:Waiting for application startup.
INFO:uvicorn.error:Application startup complete.
INFO:uvicorn.error:Uvicorn running on http://127.0.0.1:8080 (Press CTRL+C to quit)
INFO:uvicorn.error:('127.0.0.1', 3794) - "WebSocket /onebot/v11/ws" [accepted]
INFO:uvicorn.error:connection open
INFO:uvicorn.error:Shutting down
INFO:uvicorn.error:connection closed
INFO:uvicorn.error:Waiting for application shutdown.
INFO:uvicorn.error:Application shutdown complete.
INFO:uvicorn.error:Finished server process [45640]
INFO:uvicorn.error:Started server process [23624]
INFO:uvicorn.error:Waiting for application startup.
INFO:uvicorn.error:Application startup complete.
INFO:uvicorn.error:Uvicorn running on http://127.0.0.1:8080 (Press CTRL+C to quit)
INFO:uvicorn.error:('127.0.0.1', 5897) - "WebSocket /onebot/v11/ws" [accepted]
INFO:uvicorn.error:connection open
INFO:uvicorn.error:Shutting down
INFO:uvicorn.error:connection closed
INFO:uvicorn.error:Waiting for application shutdown.
INFO:uvicorn.error:Application shutdown complete.
INFO:uvicorn.error:Finished server process [23624]
INFO:uvicorn.error:Started server process [13816]
INFO:uvicorn.error:Waiting for application startup.
INFO:uvicorn.error:Application startup complete.
INFO:uvicorn.error:Uvicorn running on http://127.0.0.1:8080 (Press CTRL+C to quit)
INFO:uvicorn.error:('127.0.0.1', 13106) - "WebSocket /onebot/v11/ws" [accepted]
INFO:uvicorn.error:connection open
INFO:uvicorn.error:Shutting down
INFO:uvicorn.error:connection closed
INFO:uvicorn.error:Waiting for application shutdown.
INFO:uvicorn.error:Application shutdown complete.
INFO:uvicorn.error:Finished server process [13816]
INFO:uvicorn.error:Started server process [17268]
INFO:uvicorn.error:Waiting for application startup.
INFO:uvicorn.error:Application startup complete.
INFO:uvicorn.error:Uvicorn running on http://127.0.0.1:8080 (Press CTRL+C to quit)
INFO:uvicorn.error:('127.0.0.1', 9772) - "WebSocket /onebot/v11/ws" [accepted]
INFO:uvicorn.error:connection open
INFO:uvicorn.error:Shutting down
INFO:uvicorn.error:connection closed
INFO:uvicorn.error:Waiting for application shutdown.
INFO:uvicorn.error:Application shutdown complete.
INFO:uvicorn.error:Finished server process [17268]
INFO:uvicorn.error:Started server process [45644]
INFO:uvicorn.error:Waiting for application startup.
INFO:uvicorn.error:Application startup complete.
INFO:uvicorn.error:Uvicorn running on http://127.0.0.1:8080 (Press CTRL+C to quit)
INFO:uvicorn.error:Shutting down
INFO:uvicorn.error:('127.0.0.1', 9953) - "WebSocket /onebot/v11/ws" [accepted]
INFO:uvicorn.error:connection closed
INFO:uvicorn.error:Waiting for application shutdown.
INFO:uvicorn.error:Application shutdown complete.
INFO:uvicorn.error:Finished server process [45644]
INFO:uvicorn.error:Started server process [39140]
INFO:uvicorn.error:Waiting for application startup.
INFO:uvicorn.error:Application startup complete.
INFO:uvicorn.error:Uvicorn running on http://127.0.0.1:8080 (Press CTRL+C to quit)
INFO:uvicorn.error:('127.0.0.1', 9970) - "WebSocket /onebot/v11/ws" [accepted]
INFO:uvicorn.error:connection open
INFO:uvicorn.error:Shutting down
INFO:uvicorn.error:connection closed
INFO:uvicorn.error:Waiting for application shutdown.
INFO:uvicorn.error:Application shutdown complete.
INFO:uvicorn.error:Finished server process [39140]
INFO:uvicorn.error:Started server process [40864]
INFO:uvicorn.error:Waiting for application startup.
INFO:uvicorn.error:Application startup complete.
INFO:uvicorn.error:Uvicorn running on http://127.0.0.1:8080 (Press CTRL+C to quit)
INFO:uvicorn.error:('127.0.0.1', 10837) - "WebSocket /onebot/v11/ws" [accepted]
INFO:uvicorn.error:connection open
INFO:uvicorn.error:Shutting down
INFO:uvicorn.error:connection closed
INFO:uvicorn.error:Waiting for application shutdown.
INFO:uvicorn.error:Application shutdown complete.
INFO:uvicorn.error:Finished server process [40864]
INFO:uvicorn.error:Started server process [42704]
INFO:uvicorn.error:Waiting for application startup.
INFO:uvicorn.error:Application startup complete.
INFO:uvicorn.error:Uvicorn running on http://127.0.0.1:8080 (Press CTRL+C to quit)
INFO:uvicorn.error:('127.0.0.1', 10971) - "WebSocket /onebot/v11/ws" [accepted]
INFO:uvicorn.error:connection open
INFO:uvicorn.error:Shutting down
INFO:uvicorn.error:connection closed
INFO:uvicorn.error:Waiting for application shutdown.
INFO:uvicorn.error:Application shutdown complete.
INFO:uvicorn.error:Finished server process [42704]
INFO:uvicorn.error:Started server process [33144]
INFO:uvicorn.error:Waiting for application startup.
INFO:uvicorn.error:Application startup complete.
INFO:uvicorn.error:Uvicorn running on http://127.0.0.1:8080 (Press CTRL+C to quit)
INFO:uvicorn.error:('127.0.0.1', 12845) - "WebSocket /onebot/v11/ws" [accepted]
INFO:uvicorn.error:connection open
INFO:uvicorn.error:Shutting down
INFO:uvicorn.error:connection closed
INFO:uvicorn.error:Waiting for application shutdown.
INFO:uvicorn.error:Application shutdown complete.
INFO:uvicorn.error:Finished server process [33144]
INFO:uvicorn.error:Started server process [19428]
INFO:uvicorn.error:Waiting for application startup.
INFO:uvicorn.error:Application startup complete.
INFO:uvicorn.error:Uvicorn running on http://127.0.0.1:8080 (Press CTRL+C to quit)
INFO:uvicorn.error:('127.0.0.1', 9170) - "WebSocket /onebot/v11/ws" [accepted]
INFO:uvicorn.error:connection open
INFO:uvicorn.error:Shutting down
INFO:uvicorn.error:connection closed
INFO:uvicorn.error:Waiting for application shutdown.
INFO:uvicorn.error:Application shutdown complete.
INFO:uvicorn.error:Finished server process [19428]
INFO:uvicorn.error:Started server process [9708]
INFO:uvicorn.error:Waiting for application startup.
INFO:uvicorn.error:Application startup complete.
INFO:uvicorn.error:Uvicorn running on http://127.0.0.1:8080 (Press CTRL+C to quit)
INFO:uvicorn.error:('127.0.0.1', 9417) - "WebSocket /onebot/v11/ws" [accepted]
INFO:uvicorn.error:connection open
INFO:uvicorn.error:Shutting down
INFO:uvicorn.error:connection closed
INFO:uvicorn.error:Waiting for application shutdown.
INFO:uvicorn.error:Application shutdown complete.
INFO:uvicorn.error:Finished server process [9708]
INFO:uvicorn.error:Started server process [32024]
INFO:uvicorn.error:Waiting for application startup.
INFO:uvicorn.error:Application startup complete.
INFO:uvicorn.error:Uvicorn running on http://127.0.0.1:8080 (Press CTRL+C to quit)
INFO:uvicorn.error:('127.0.0.1', 9618) - "WebSocket /onebot/v11/ws" [accepted]
INFO:uvicorn.error:connection open
INFO:uvicorn.error:Shutting down
INFO:uvicorn.error:connection closed
INFO:uvicorn.error:Waiting for application shutdown.
INFO:uvicorn.error:Application shutdown complete.
INFO:uvicorn.error:Finished server process [32024]
INFO:uvicorn.error:Started server process [14764]
INFO:uvicorn.error:Waiting for application startup.
INFO:uvicorn.error:Application startup complete.
INFO:uvicorn.error:Uvicorn running on http://127.0.0.1:8080 (Press CTRL+C to quit)
INFO:uvicorn.error:('127.0.0.1', 10630) - "WebSocket /onebot/v11/ws" [accepted]
INFO:uvicorn.error:connection open
INFO:uvicorn.error:Shutting down
INFO:uvicorn.error:connection closed
INFO:uvicorn.error:Waiting for application shutdown.
INFO:uvicorn.error:Application shutdown complete.
INFO:uvicorn.error:Finished server process [14764]
INFO:uvicorn.error:Started server process [41496]
INFO:uvicorn.error:Waiting for application startup.
INFO:uvicorn.error:Application startup complete.
INFO:uvicorn.error:Uvicorn running on http://127.0.0.1:8080 (Press CTRL+C to quit)
INFO:uvicorn.error:('127.0.0.1', 10891) - "WebSocket /onebot/v11/ws" [accepted]
INFO:uvicorn.error:connection open
INFO:uvicorn.error:Shutting down
INFO:uvicorn.error:connection closed
INFO:uvicorn.error:Waiting for application shutdown.
INFO:uvicorn.error:Application shutdown complete.
INFO:uvicorn.error:Finished server process [41496]
INFO:uvicorn.error:Started server process [43352]
INFO:uvicorn.error:Waiting for application startup.
INFO:uvicorn.error:Application startup complete.
INFO:uvicorn.error:Uvicorn running on http://127.0.0.1:8080 (Press CTRL+C to quit)
INFO:uvicorn.error:('127.0.0.1', 11034) - "WebSocket /onebot/v11/ws" [accepted]
INFO:uvicorn.error:connection open
INFO:uvicorn.error:Shutting down
INFO:uvicorn.error:connection closed
INFO:uvicorn.error:Waiting for application shutdown.
INFO:uvicorn.error:Application shutdown complete.
INFO:uvicorn.error:Finished server process [43352]
INFO:uvicorn.error:Started server process [22776]
INFO:uvicorn.error:Waiting for application startup.
INFO:uvicorn.error:Application startup complete.
INFO:uvicorn.error:Uvicorn running on http://127.0.0.1:8080 (Press CTRL+C to quit)
INFO:uvicorn.error:('127.0.0.1', 11546) - "WebSocket /onebot/v11/ws" [accepted]
INFO:uvicorn.error:connection open
INFO:uvicorn.error:Shutting down
INFO:uvicorn.error:connection closed
INFO:uvicorn.error:Waiting for application shutdown.
INFO:uvicorn.error:Application shutdown complete.
INFO:uvicorn.error:Finished server process [22776]
INFO:uvicorn.error:Started server process [20532]
INFO:uvicorn.error:Waiting for application startup.
INFO:uvicorn.error:Application startup complete.
INFO:uvicorn.error:Uvicorn running on http://127.0.0.1:8080 (Press CTRL+C to quit)
INFO:uvicorn.error:('127.0.0.1', 13302) - "WebSocket /onebot/v11/ws" [accepted]
INFO:uvicorn.error:connection open
INFO:uvicorn.error:Shutting down
INFO:uvicorn.error:connection closed
INFO:uvicorn.error:Waiting for application shutdown.
INFO:uvicorn.error:Application shutdown complete.
INFO:uvicorn.error:Finished server process [20532]
INFO:uvicorn.error:Started server process [49112]
INFO:uvicorn.error:Waiting for application startup.
INFO:uvicorn.error:Application startup complete.
INFO:uvicorn.error:Uvicorn running on http://127.0.0.1:8080 (Press CTRL+C to quit)
INFO:uvicorn.error:('127.0.0.1', 13565) - "WebSocket /onebot/v11/ws" [accepted]
INFO:uvicorn.error:connection open
INFO:uvicorn.error:Shutting down
INFO:uvicorn.error:connection closed
INFO:uvicorn.error:Waiting for application shutdown.
INFO:uvicorn.error:Application shutdown complete.
INFO:uvicorn.error:Finished server process [49112]
INFO:uvicorn.error:Started server process [48812]
INFO:uvicorn.error:Waiting for application startup.
INFO:uvicorn.error:Application startup complete.
INFO:uvicorn.error:Uvicorn running on http://127.0.0.1:8080 (Press CTRL+C to quit)
INFO:uvicorn.error:('127.0.0.1', 13778) - "WebSocket /onebot/v11/ws" [accepted]
INFO:uvicorn.error:connection open
INFO:uvicorn.error:Shutting down
INFO:uvicorn.error:connection closed
INFO:uvicorn.error:Waiting for application shutdown.
INFO:uvicorn.error:Application shutdown complete.
INFO:uvicorn.error:Finished server process [48812]
INFO:uvicorn.error:Started server process [47180]
INFO:uvicorn.error:Waiting for application startup.
INFO:uvicorn.error:Application startup complete.
INFO:uvicorn.error:Uvicorn running on http://127.0.0.1:8080 (Press CTRL+C to quit)
INFO:uvicorn.error:('127.0.0.1', 13877) - "WebSocket /onebot/v11/ws" [accepted]
INFO:uvicorn.error:connection open
INFO:uvicorn.error:Shutting down
INFO:uvicorn.error:connection closed
INFO:uvicorn.error:Waiting for application shutdown.
INFO:uvicorn.error:Application shutdown complete.
INFO:uvicorn.error:Finished server process [47180]
INFO:uvicorn.error:Started server process [36228]
INFO:uvicorn.error:Waiting for application startup.
INFO:uvicorn.error:Application startup complete.
INFO:uvicorn.error:Uvicorn running on http://127.0.0.1:8080 (Press CTRL+C to quit)
INFO:uvicorn.error:Shutting down
INFO:uvicorn.error:Waiting for application shutdown.
INFO:uvicorn.error:Application shutdown complete.
INFO:uvicorn.error:Finished server process [36228]
INFO:uvicorn.error:Started server process [14112]
INFO:uvicorn.error:Waiting for application startup.
INFO:uvicorn.error:Application startup complete.
INFO:uvicorn.error:Uvicorn running on http://127.0.0.1:8080 (Press CTRL+C to quit)
INFO:uvicorn.error:Shutting down
INFO:uvicorn.error:Waiting for application shutdown.
INFO:uvicorn.error:Application shutdown complete.
INFO:uvicorn.error:Finished server process [14112]
INFO:uvicorn.error:Started server process [46404]
INFO:uvicorn.error:Waiting for application startup.
INFO:uvicorn.error:Application startup complete.
INFO:uvicorn.error:Uvicorn running on http://127.0.0.1:8080 (Press CTRL+C to quit)
INFO:uvicorn.error:('127.0.0.1', 14135) - "WebSocket /onebot/v11/ws" [accepted]
INFO:uvicorn.error:connection open
INFO:uvicorn.error:Shutting down
INFO:uvicorn.error:connection closed
INFO:uvicorn.error:Waiting for application shutdown.
INFO:uvicorn.error:Application shutdown complete.
INFO:uvicorn.error:Finished server process [46404]
INFO:uvicorn.error:Started server process [45200]
INFO:uvicorn.error:Waiting for application startup.
INFO:uvicorn.error:Application startup complete.
INFO:uvicorn.error:Uvicorn running on http://127.0.0.1:8080 (Press CTRL+C to quit)
INFO:uvicorn.error:('127.0.0.1', 14414) - "WebSocket /onebot/v11/ws" [accepted]
INFO:uvicorn.error:connection open
INFO:uvicorn.error:Shutting down
INFO:uvicorn.error:connection closed
INFO:uvicorn.error:Waiting for application shutdown.
INFO:uvicorn.error:Application shutdown complete.
INFO:uvicorn.error:Finished server process [45200]
INFO:uvicorn.error:Started server process [35988]
INFO:uvicorn.error:Waiting for application startup.
INFO:uvicorn.error:Application startup complete.
INFO:uvicorn.error:Uvicorn running on http://127.0.0.1:8080 (Press CTRL+C to quit)
INFO:uvicorn.error:('127.0.0.1', 14635) - "WebSocket /onebot/v11/ws" [accepted]
INFO:uvicorn.error:connection open
INFO:uvicorn.error:Shutting down
INFO:uvicorn.error:connection closed
INFO:uvicorn.error:Waiting for application shutdown.
INFO:uvicorn.error:Application shutdown complete.
INFO:uvicorn.error:Finished server process [35988]
INFO:uvicorn.error:Started server process [29872]
INFO:uvicorn.error:Waiting for application startup.
INFO:uvicorn.error:Application startup complete.
INFO:uvicorn.error:Uvicorn running on http://127.0.0.1:8080 (Press CTRL+C to quit)
INFO:uvicorn.error:('127.0.0.1', 14699) - "WebSocket /onebot/v11/ws" [accepted]
INFO:uvicorn.error:connection open
INFO:uvicorn.error:Shutting down
INFO:uvicorn.error:connection closed
INFO:uvicorn.error:Waiting for application shutdown.
INFO:uvicorn.error:Application shutdown complete.
INFO:uvicorn.error:Finished server process [29872]
INFO:uvicorn.error:Started server process [43844]
INFO:uvicorn.error:Waiting for application startup.
INFO:uvicorn.error:Application startup complete.
INFO:uvicorn.error:Uvicorn running on http://0.0.0.0:8080 (Press CTRL+C to quit)
INFO:uvicorn.error:('127.0.0.1', 1300) - "WebSocket /onebot/v11/ws" [accepted]
INFO:uvicorn.error:connection open
INFO:uvicorn.error:Shutting down
INFO:uvicorn.error:connection closed
INFO:uvicorn.error:Waiting for application shutdown.
INFO:uvicorn.error:Application shutdown complete.
INFO:uvicorn.error:Finished server process [43844]
INFO:uvicorn.error:Started server process [9088]
INFO:uvicorn.error:Waiting for application startup.
INFO:uvicorn.error:Application startup complete.
INFO:uvicorn.error:Uvicorn running on http://0.0.0.0:8080 (Press CTRL+C to quit)
INFO:uvicorn.error:('127.0.0.1', 1416) - "WebSocket /onebot/v11/ws" [accepted]
INFO:uvicorn.error:connection open
INFO:uvicorn.error:Shutting down
INFO:uvicorn.error:connection closed
INFO:uvicorn.error:Waiting for application shutdown.
INFO:uvicorn.error:Application shutdown complete.
INFO:uvicorn.error:Finished server process [9088]
INFO:uvicorn.error:Started server process [44428]
INFO:uvicorn.error:Waiting for application startup.
INFO:uvicorn.error:Application startup complete.
INFO:uvicorn.error:Uvicorn running on http://0.0.0.0:8080 (Press CTRL+C to quit)
INFO:uvicorn.error:('127.0.0.1', 2598) - "WebSocket /onebot/v11/ws" [accepted]
INFO:uvicorn.error:connection open
INFO:uvicorn.error:Shutting down
INFO:uvicorn.error:connection closed
INFO:uvicorn.error:Waiting for application shutdown.
INFO:uvicorn.error:Application shutdown complete.
INFO:uvicorn.error:Finished server process [44428]
INFO:uvicorn.error:Started server process [34028]
INFO:uvicorn.error:Waiting for application startup.
INFO:uvicorn.error:Application startup complete.
INFO:uvicorn.error:Uvicorn running on http://0.0.0.0:8080 (Press CTRL+C to quit)
INFO:uvicorn.error:('127.0.0.1', 2763) - "WebSocket /onebot/v11/ws" [accepted]
INFO:uvicorn.error:connection open
INFO:uvicorn.error:Shutting down
INFO:uvicorn.error:connection closed
INFO:uvicorn.error:Waiting for application shutdown.
INFO:uvicorn.error:Application shutdown complete.
INFO:uvicorn.error:Finished server process [34028]
INFO:uvicorn.error:Started server process [40612]
INFO:uvicorn.error:Waiting for application startup.
INFO:uvicorn.error:Application startup complete.
INFO:uvicorn.error:Uvicorn running on http://0.0.0.0:8080 (Press CTRL+C to quit)
INFO:uvicorn.error:('127.0.0.1', 2969) - "WebSocket /onebot/v11/ws" [accepted]
INFO:uvicorn.error:connection open
INFO:uvicorn.error:Shutting down
INFO:uvicorn.error:connection closed
INFO:uvicorn.error:Waiting for application shutdown.
INFO:uvicorn.error:Application shutdown complete.
INFO:uvicorn.error:Finished server process [40612]
INFO:uvicorn.error:Started server process [15608]
INFO:uvicorn.error:Waiting for application startup.
INFO:uvicorn.error:Application startup complete.
INFO:uvicorn.error:Uvicorn running on http://0.0.0.0:8080 (Press CTRL+C to quit)
INFO:uvicorn.error:('127.0.0.1', 4550) - "WebSocket /onebot/v11/ws" [accepted]
INFO:uvicorn.error:connection open
INFO:uvicorn.error:Shutting down
INFO:uvicorn.error:connection closed
INFO:uvicorn.error:Waiting for application shutdown.
INFO:uvicorn.error:Application shutdown complete.
INFO:uvicorn.error:Finished server process [15608]
INFO:uvicorn.error:Started server process [43748]
INFO:uvicorn.error:Waiting for application startup.
INFO:uvicorn.error:Application startup complete.
INFO:uvicorn.error:Uvicorn running on http://0.0.0.0:8080 (Press CTRL+C to quit)
INFO:uvicorn.access:127.0.0.1:5668 - "GET /go-cqhttp/ HTTP/1.1" 404
INFO:uvicorn.access:127.0.0.1:5668 - "GET /favicon.ico HTTP/1.1" 404
INFO:uvicorn.error:('127.0.0.1', 5670) - "WebSocket /onebot/v11/ws" [accepted]
INFO:uvicorn.error:connection open
INFO:uvicorn.error:Started server process [39588]
INFO:uvicorn.error:Waiting for application startup.
INFO:uvicorn.error:Application startup complete.
INFO:uvicorn.error:Uvicorn running on http://0.0.0.0:8080 (Press CTRL+C to quit)
INFO:uvicorn.error:('127.0.0.1', 7046) - "WebSocket /onebot/v11/ws" [accepted]
INFO:uvicorn.error:connection open
INFO:uvicorn.error:Shutting down
INFO:uvicorn.error:connection closed
INFO:uvicorn.error:Waiting for application shutdown.
INFO:uvicorn.error:Application shutdown complete.
INFO:uvicorn.error:Finished server process [39588]
INFO:uvicorn.error:Started server process [35808]
INFO:uvicorn.error:Waiting for application startup.
INFO:uvicorn.error:Application startup complete.
INFO:uvicorn.error:Uvicorn running on http://0.0.0.0:8080 (Press CTRL+C to quit)
INFO:uvicorn.error:('127.0.0.1', 8394) - "WebSocket /onebot/v11/ws" [accepted]
INFO:uvicorn.error:connection open
INFO:uvicorn.error:Shutting down
INFO:uvicorn.error:connection closed
INFO:uvicorn.error:Waiting for application shutdown.
INFO:uvicorn.error:Application shutdown complete.
INFO:uvicorn.error:Finished server process [35808]
INFO:uvicorn.error:Started server process [42096]
INFO:uvicorn.error:Waiting for application startup.
INFO:uvicorn.error:Application startup complete.
INFO:uvicorn.error:Uvicorn running on http://0.0.0.0:8080 (Press CTRL+C to quit)
INFO:uvicorn.error:('127.0.0.1', 12062) - "WebSocket /onebot/v11/ws" [accepted]
INFO:uvicorn.error:connection open
INFO:uvicorn.error:Shutting down
INFO:uvicorn.error:connection closed
INFO:uvicorn.error:Waiting for application shutdown.
INFO:uvicorn.error:Application shutdown complete.
INFO:uvicorn.error:Finished server process [42096]
INFO:uvicorn.error:Started server process [47184]
INFO:uvicorn.error:Waiting for application startup.
INFO:uvicorn.error:Application startup complete.
INFO:uvicorn.error:Uvicorn running on http://0.0.0.0:8080 (Press CTRL+C to quit)
INFO:uvicorn.error:('127.0.0.1', 12620) - "WebSocket /onebot/v11/ws" [accepted]
INFO:uvicorn.error:connection open
INFO:uvicorn.error:Shutting down
INFO:uvicorn.error:connection closed
INFO:uvicorn.error:Waiting for application shutdown.
INFO:uvicorn.error:Application shutdown complete.
INFO:uvicorn.error:Finished server process [47184]
INFO:uvicorn.error:Started server process [7404]
INFO:uvicorn.error:Waiting for application startup.
INFO:uvicorn.error:Application startup complete.
INFO:uvicorn.error:Uvicorn running on http://0.0.0.0:8080 (Press CTRL+C to quit)
INFO:uvicorn.error:('127.0.0.1', 1444) - "WebSocket /onebot/v11/ws" [accepted]
INFO:uvicorn.error:connection open
INFO:uvicorn.access:127.0.0.1:4675 - "GET /go-cqhttp/ HTTP/1.1" 404
INFO:uvicorn.error:Shutting down
INFO:uvicorn.error:connection closed
INFO:uvicorn.error:Waiting for application shutdown.
INFO:uvicorn.error:Application shutdown complete.
INFO:uvicorn.error:Finished server process [7404]
INFO:uvicorn.error:Started server process [44532]
INFO:uvicorn.error:Waiting for application startup.
INFO:uvicorn.error:Application startup complete.
ERROR:uvicorn.error:[Errno 10048] error while attempting to bind on address ('0.0.0.0', 8080): 通常每个套接字地址(协议/网络地址/端口)只允许使用一次。
INFO:uvicorn.error:Waiting for application shutdown.
INFO:uvicorn.error:Application shutdown complete.
INFO:uvicorn.error:Started server process [10736]
INFO:uvicorn.error:Waiting for application startup.
INFO:uvicorn.error:Application startup complete.
INFO:uvicorn.error:Uvicorn running on http://0.0.0.0:8080 (Press CTRL+C to quit)
INFO:uvicorn.error:('127.0.0.1', 7887) - "WebSocket /onebot/v11/ws" [accepted]
INFO:uvicorn.error:connection open
INFO:uvicorn.error:Shutting down
WARNING:apscheduler.executors.default:Run time of job "job_listen_battle (trigger: interval[0:01:00], next run at: 2023-09-03 22:09:19 CST)" was missed by 0:00:26.603269
WARNING:apscheduler.executors.default:Run time of job "downlod_OcrResult (trigger: interval[0:10:00], next run at: 2023-09-03 22:12:19 CST)" was missed by 0:06:26.603786
INFO:uvicorn.error:connection closed
INFO:uvicorn.error:Waiting for application shutdown.
INFO:uvicorn.error:Application shutdown complete.
INFO:uvicorn.error:Finished server process [10736]
INFO:uvicorn.error:Started server process [33716]
INFO:uvicorn.error:Waiting for application startup.
INFO:uvicorn.error:Application startup complete.
INFO:uvicorn.error:Uvicorn running on http://0.0.0.0:8080 (Press CTRL+C to quit)
INFO:uvicorn.error:('127.0.0.1', 4202) - "WebSocket /onebot/v11/ws" [accepted]
INFO:uvicorn.error:connection open
INFO:uvicorn.error:Shutting down
INFO:uvicorn.error:connection closed
INFO:uvicorn.error:Waiting for application shutdown.
INFO:uvicorn.error:Application shutdown complete.
INFO:uvicorn.error:Finished server process [33716]
INFO:uvicorn.error:Started server process [30176]
INFO:uvicorn.error:Waiting for application startup.
INFO:uvicorn.error:Application startup complete.
INFO:uvicorn.error:Uvicorn running on http://0.0.0.0:8080 (Press CTRL+C to quit)
INFO:uvicorn.error:('127.0.0.1', 6104) - "WebSocket /onebot/v11/ws" [accepted]
INFO:uvicorn.error:connection open
INFO:uvicorn.error:Shutting down
INFO:uvicorn.error:connection closed
INFO:uvicorn.error:Waiting for application shutdown.
INFO:uvicorn.error:Application shutdown complete.
INFO:uvicorn.error:Finished server process [30176]
INFO:uvicorn.error:Started server process [43204]
INFO:uvicorn.error:Waiting for application startup.
INFO:uvicorn.error:Application startup complete.
INFO:uvicorn.error:Uvicorn running on http://0.0.0.0:8080 (Press CTRL+C to quit)
INFO:uvicorn.error:('127.0.0.1', 7938) - "WebSocket /onebot/v11/ws" [accepted]
INFO:uvicorn.error:connection open
INFO:uvicorn.error:Shutting down
INFO:uvicorn.error:connection closed
INFO:uvicorn.error:Waiting for application shutdown.
INFO:uvicorn.error:Application shutdown complete.
INFO:uvicorn.error:Finished server process [43204]
INFO:uvicorn.error:Started server process [27136]
INFO:uvicorn.error:Waiting for application startup.
INFO:uvicorn.error:Application startup complete.
INFO:uvicorn.error:Uvicorn running on http://0.0.0.0:8080 (Press CTRL+C to quit)
INFO:uvicorn.error:('127.0.0.1', 11374) - "WebSocket /onebot/v11/ws" [accepted]
INFO:uvicorn.error:connection open
INFO:uvicorn.error:Shutting down
INFO:uvicorn.error:connection closed
INFO:uvicorn.error:Waiting for application shutdown.
INFO:uvicorn.error:Application shutdown complete.
INFO:uvicorn.error:Finished server process [27136]
INFO:uvicorn.error:Started server process [49048]
INFO:uvicorn.error:Waiting for application startup.
INFO:uvicorn.error:Application startup complete.
INFO:uvicorn.error:Uvicorn running on http://0.0.0.0:8080 (Press CTRL+C to quit)
INFO:uvicorn.error:('127.0.0.1', 10221) - "WebSocket /onebot/v11/ws" [accepted]
INFO:uvicorn.error:connection open
INFO:uvicorn.error:Shutting down
INFO:uvicorn.error:connection closed
INFO:uvicorn.error:Waiting for application shutdown.
INFO:uvicorn.error:Application shutdown complete.
INFO:uvicorn.error:Finished server process [49048]
INFO:uvicorn.error:Started server process [40800]
INFO:uvicorn.error:Waiting for application startup.
INFO:uvicorn.error:Application startup complete.
INFO:uvicorn.error:Uvicorn running on http://0.0.0.0:8080 (Press CTRL+C to quit)
INFO:uvicorn.error:('127.0.0.1', 2830) - "WebSocket /onebot/v11/ws" [accepted]
INFO:uvicorn.error:connection open
INFO:uvicorn.error:Shutting down
WARNING:apscheduler.executors.default:Run time of job "job_listen_battle (trigger: interval[0:01:00], next run at: 2023-09-03 23:03:57 CST)" was missed by 0:00:08.132579
INFO:uvicorn.error:connection closed
INFO:uvicorn.error:Waiting for application shutdown.
INFO:uvicorn.error:Application shutdown complete.
INFO:uvicorn.error:Finished server process [40800]
INFO:uvicorn.error:Started server process [41384]
INFO:uvicorn.error:Waiting for application startup.
INFO:uvicorn.error:Application startup complete.
INFO:uvicorn.error:Uvicorn running on http://0.0.0.0:8080 (Press CTRL+C to quit)
INFO:uvicorn.error:('127.0.0.1', 5404) - "WebSocket /onebot/v11/ws" [accepted]
INFO:uvicorn.error:connection open
INFO:uvicorn.error:Shutting down
INFO:uvicorn.error:connection closed
INFO:uvicorn.error:Waiting for application shutdown.
INFO:uvicorn.error:Application shutdown complete.
INFO:uvicorn.error:Finished server process [41384]
INFO:uvicorn.error:Started server process [43452]
INFO:uvicorn.error:Waiting for application startup.
INFO:uvicorn.error:Application startup complete.
INFO:uvicorn.error:Uvicorn running on http://0.0.0.0:8080 (Press CTRL+C to quit)
INFO:uvicorn.error:('127.0.0.1', 10401) - "WebSocket /onebot/v11/ws" [accepted]
INFO:uvicorn.error:connection open
INFO:uvicorn.error:Shutting down
WARNING:apscheduler.executors.default:Run time of job "job_listen_battle (trigger: interval[0:01:00], next run at: 2023-09-03 23:19:32 CST)" was missed by 0:00:01.793704
INFO:uvicorn.error:connection closed
INFO:uvicorn.error:Waiting for application shutdown.
INFO:uvicorn.error:Application shutdown complete.
INFO:uvicorn.error:Finished server process [43452]
INFO:uvicorn.error:Started server process [15096]
INFO:uvicorn.error:Waiting for application startup.
INFO:uvicorn.error:Application startup complete.
INFO:uvicorn.error:Uvicorn running on http://0.0.0.0:8080 (Press CTRL+C to quit)
INFO:uvicorn.error:('127.0.0.1', 12685) - "WebSocket /onebot/v11/ws" [accepted]
INFO:uvicorn.error:connection open
INFO:uvicorn.error:Shutting down
WARNING:apscheduler.executors.default:Run time of job "job_listen_battle (trigger: interval[0:01:00], next run at: 2023-09-03 23:27:04 CST)" was missed by 0:00:19.965654
INFO:uvicorn.error:connection closed
INFO:uvicorn.error:Waiting for application shutdown.
INFO:uvicorn.error:Application shutdown complete.
INFO:uvicorn.error:Finished server process [15096]
INFO:uvicorn.error:Started server process [20576]
INFO:uvicorn.error:Waiting for application startup.
INFO:uvicorn.error:Application startup complete.
INFO:uvicorn.error:Uvicorn running on http://0.0.0.0:8080 (Press CTRL+C to quit)
INFO:uvicorn.error:('127.0.0.1', 2903) - "WebSocket /onebot/v11/ws" [accepted]
INFO:uvicorn.error:connection open
INFO:uvicorn.error:Shutting down
WARNING:apscheduler.executors.default:Run time of job "job_listen_battle (trigger: interval[0:01:00], next run at: 2023-09-03 23:33:21 CST)" was missed by 0:00:38.795000
INFO:uvicorn.error:connection closed
INFO:uvicorn.error:Waiting for application shutdown.
INFO:uvicorn.error:Application shutdown complete.
INFO:uvicorn.error:Finished server process [20576]
INFO:uvicorn.error:Started server process [6888]
INFO:uvicorn.error:Waiting for application startup.
INFO:uvicorn.error:Application startup complete.
INFO:uvicorn.error:Uvicorn running on http://0.0.0.0:8080 (Press CTRL+C to quit)
INFO:uvicorn.error:('127.0.0.1', 4670) - "WebSocket /onebot/v11/ws" [accepted]
INFO:uvicorn.error:connection open
INFO:uvicorn.error:Shutting down
INFO:uvicorn.error:connection closed
INFO:uvicorn.error:Waiting for application shutdown.
INFO:uvicorn.error:Application shutdown complete.
INFO:uvicorn.error:Finished server process [6888]
INFO:uvicorn.error:Started server process [33716]
INFO:uvicorn.error:Waiting for application startup.
INFO:uvicorn.error:Application startup complete.
INFO:uvicorn.error:Uvicorn running on http://0.0.0.0:8080 (Press CTRL+C to quit)
INFO:uvicorn.error:('127.0.0.1', 5698) - "WebSocket /onebot/v11/ws" [accepted]
INFO:uvicorn.error:connection open
INFO:uvicorn.error:Shutting down
INFO:uvicorn.error:connection closed
INFO:uvicorn.error:Waiting for application shutdown.
INFO:uvicorn.error:Application shutdown complete.
INFO:uvicorn.error:Finished server process [33716]
INFO:uvicorn.error:Started server process [20500]
INFO:uvicorn.error:Waiting for application startup.
INFO:uvicorn.error:Application startup complete.
INFO:uvicorn.error:Uvicorn running on http://0.0.0.0:8080 (Press CTRL+C to quit)
INFO:uvicorn.error:('127.0.0.1', 8390) - "WebSocket /onebot/v11/ws" [accepted]
INFO:uvicorn.error:connection open
INFO:uvicorn.error:Shutting down
INFO:uvicorn.error:connection closed
INFO:uvicorn.error:Waiting for application shutdown.
INFO:uvicorn.error:Application shutdown complete.
INFO:uvicorn.error:Finished server process [20500]
INFO:uvicorn.error:Started server process [19772]
INFO:uvicorn.error:Waiting for application startup.
INFO:uvicorn.error:Application startup complete.
INFO:uvicorn.error:Uvicorn running on http://0.0.0.0:8080 (Press CTRL+C to quit)
INFO:uvicorn.error:('127.0.0.1', 8962) - "WebSocket /onebot/v11/ws" [accepted]
INFO:uvicorn.error:connection open
INFO:uvicorn.error:Started server process [44116]
INFO:uvicorn.error:Waiting for application startup.
INFO:uvicorn.error:Application startup complete.
INFO:uvicorn.error:Uvicorn running on http://0.0.0.0:8080 (Press CTRL+C to quit)
INFO:uvicorn.error:('127.0.0.1', 11149) - "WebSocket /onebot/v11/ws" [accepted]
INFO:uvicorn.error:connection open
INFO:uvicorn.error:Started server process [42164]
INFO:uvicorn.error:Waiting for application startup.
INFO:uvicorn.error:Application startup complete.
INFO:uvicorn.error:Uvicorn running on http://0.0.0.0:8080 (Press CTRL+C to quit)
INFO:uvicorn.error:('127.0.0.1', 13493) - "WebSocket /onebot/v11/ws" [accepted]
INFO:uvicorn.error:connection open
INFO:uvicorn.error:Started server process [34256]
INFO:uvicorn.error:Waiting for application startup.
INFO:uvicorn.error:Application startup complete.
INFO:uvicorn.error:Uvicorn running on http://0.0.0.0:8080 (Press CTRL+C to quit)
INFO:uvicorn.error:('127.0.0.1', 1161) - "WebSocket /onebot/v11/ws" [accepted]
INFO:uvicorn.error:connection open
INFO:uvicorn.error:Started server process [46588]
INFO:uvicorn.error:Waiting for application startup.
INFO:uvicorn.error:Application startup complete.
INFO:uvicorn.error:Uvicorn running on http://0.0.0.0:8080 (Press CTRL+C to quit)
INFO:uvicorn.error:('127.0.0.1', 2757) - "WebSocket /onebot/v11/ws" [accepted]
INFO:uvicorn.error:connection open
INFO:uvicorn.error:Shutting down
INFO:uvicorn.error:connection closed
INFO:uvicorn.error:Waiting for application shutdown.
INFO:uvicorn.error:Application shutdown complete.
INFO:uvicorn.error:Finished server process [46588]
INFO:uvicorn.error:Started server process [5052]
INFO:uvicorn.error:Waiting for application startup.
INFO:uvicorn.error:Application startup complete.
INFO:uvicorn.error:Uvicorn running on http://0.0.0.0:8080 (Press CTRL+C to quit)
INFO:uvicorn.error:('127.0.0.1', 11795) - "WebSocket /onebot/v11/ws" [accepted]
INFO:uvicorn.error:connection open
INFO:uvicorn.error:Shutting down
INFO:uvicorn.error:connection closed
INFO:uvicorn.error:Waiting for application shutdown.
INFO:uvicorn.error:Application shutdown complete.
INFO:uvicorn.error:Finished server process [5052]
INFO:uvicorn.error:Started server process [42556]
INFO:uvicorn.error:Waiting for application startup.
INFO:uvicorn.error:Application startup complete.
INFO:uvicorn.error:Uvicorn running on http://0.0.0.0:8080 (Press CTRL+C to quit)
INFO:uvicorn.error:('127.0.0.1', 7764) - "WebSocket /onebot/v11/ws" [accepted]
INFO:uvicorn.error:connection open
WARNING:apscheduler.executors.default:Run time of job "job_listen_battle (trigger: interval[0:01:00], next run at: 2023-09-04 18:52:18 CST)" was missed by 0:00:38.224919
INFO:uvicorn.error:Shutting down
INFO:uvicorn.error:connection closed
INFO:uvicorn.error:Waiting for application shutdown.
INFO:uvicorn.error:Application shutdown complete.
INFO:uvicorn.error:Finished server process [42556]
INFO:uvicorn.error:Started server process [38944]
INFO:uvicorn.error:Waiting for application startup.
INFO:uvicorn.error:Application startup complete.
INFO:uvicorn.error:Uvicorn running on http://0.0.0.0:8080 (Press CTRL+C to quit)
INFO:uvicorn.error:('127.0.0.1', 9030) - "WebSocket /onebot/v11/ws" [accepted]
INFO:uvicorn.error:connection open
INFO:uvicorn.error:Shutting down
INFO:uvicorn.error:connection closed
INFO:uvicorn.error:Waiting for application shutdown.
INFO:uvicorn.error:Application shutdown complete.
INFO:uvicorn.error:Finished server process [38944]
INFO:uvicorn.error:Started server process [29864]
INFO:uvicorn.error:Waiting for application startup.
INFO:uvicorn.error:Application startup complete.
INFO:uvicorn.error:Uvicorn running on http://0.0.0.0:8080 (Press CTRL+C to quit)
INFO:uvicorn.error:('127.0.0.1', 9081) - "WebSocket /onebot/v11/ws" [accepted]
INFO:uvicorn.error:connection open
INFO:uvicorn.error:Shutting down
INFO:uvicorn.error:connection closed
INFO:uvicorn.error:Waiting for application shutdown.
INFO:uvicorn.error:Application shutdown complete.
INFO:uvicorn.error:Finished server process [29864]
INFO:uvicorn.error:Started server process [8592]
INFO:uvicorn.error:Waiting for application startup.
INFO:uvicorn.error:Application startup complete.
INFO:uvicorn.error:Uvicorn running on http://0.0.0.0:8080 (Press CTRL+C to quit)
INFO:uvicorn.error:('127.0.0.1', 11666) - "WebSocket /onebot/v11/ws" [accepted]
INFO:uvicorn.error:connection open
INFO:uvicorn.error:Shutting down
INFO:uvicorn.error:connection closed
INFO:uvicorn.error:Waiting for application shutdown.
INFO:uvicorn.error:Application shutdown complete.
INFO:uvicorn.error:Finished server process [8592]
INFO:uvicorn.error:Started server process [16504]
INFO:uvicorn.error:Waiting for application startup.
INFO:uvicorn.error:Application startup complete.
INFO:uvicorn.error:Uvicorn running on http://0.0.0.0:8080 (Press CTRL+C to quit)
INFO:uvicorn.error:('127.0.0.1', 12188) - "WebSocket /onebot/v11/ws" [accepted]
INFO:uvicorn.error:connection open
INFO:uvicorn.error:Shutting down
INFO:uvicorn.error:connection closed
INFO:uvicorn.error:Waiting for application shutdown.
INFO:uvicorn.error:Application shutdown complete.
INFO:uvicorn.error:Finished server process [16504]
INFO:uvicorn.error:Started server process [28404]
INFO:uvicorn.error:Waiting for application startup.
INFO:uvicorn.error:Application startup complete.
INFO:uvicorn.error:Uvicorn running on http://0.0.0.0:8080 (Press CTRL+C to quit)
INFO:uvicorn.error:('127.0.0.1', 12809) - "WebSocket /onebot/v11/ws" [accepted]
INFO:uvicorn.error:connection open
INFO:uvicorn.error:Shutting down
INFO:uvicorn.error:connection closed
INFO:uvicorn.error:Waiting for application shutdown.
INFO:uvicorn.error:Application shutdown complete.
INFO:uvicorn.error:Finished server process [28404]
INFO:uvicorn.error:Started server process [11092]
INFO:uvicorn.error:Waiting for application startup.
INFO:uvicorn.error:Application startup complete.
INFO:uvicorn.error:Uvicorn running on http://0.0.0.0:8080 (Press CTRL+C to quit)
INFO:uvicorn.error:('127.0.0.1', 12933) - "WebSocket /onebot/v11/ws" [accepted]
INFO:uvicorn.error:connection open
INFO:uvicorn.error:Shutting down
INFO:uvicorn.error:connection closed
INFO:uvicorn.error:Waiting for application shutdown.
INFO:uvicorn.error:Application shutdown complete.
INFO:uvicorn.error:Finished server process [11092]
ERROR:apscheduler.executors.default:Job "job_listen_battle (trigger: interval[0:01:00], next run at: 2023-09-04 20:01:25 CST)" raised an exception
Traceback (most recent call last):
  File "S:\SystemTools\nonebot2-master\kokomi2\.venv\lib\site-packages\anyio\streams\tls.py", line 131, in _call_sslobject_method
    result = func(*args)
  File "C:\Python310\lib\ssl.py", line 917, in read
    v = self._sslobj.read(len)
ssl.SSLWantReadError: The operation did not complete (read) (_ssl.c:2578)

During handling of the above exception, another exception occurred:

Traceback (most recent call last):
  File "S:\SystemTools\nonebot2-master\kokomi2\.venv\lib\site-packages\httpcore\_async\http11.py", line 99, in handle_async_request
    ) = await self._receive_response_headers(**kwargs)
  File "S:\SystemTools\nonebot2-master\kokomi2\.venv\lib\site-packages\httpcore\_async\http11.py", line 164, in _receive_response_headers
    event = await self._receive_event(timeout=timeout)
  File "S:\SystemTools\nonebot2-master\kokomi2\.venv\lib\site-packages\httpcore\_async\http11.py", line 200, in _receive_event
    data = await self._network_stream.read(
  File "S:\SystemTools\nonebot2-master\kokomi2\.venv\lib\site-packages\httpcore\_backends\anyio.py", line 34, in read
    return await self._stream.receive(max_bytes=max_bytes)
  File "S:\SystemTools\nonebot2-master\kokomi2\.venv\lib\site-packages\anyio\streams\tls.py", line 196, in receive
    data = await self._call_sslobject_method(self._ssl_object.read, max_bytes)
  File "S:\SystemTools\nonebot2-master\kokomi2\.venv\lib\site-packages\anyio\streams\tls.py", line 138, in _call_sslobject_method
    data = await self.transport_stream.receive()
  File "S:\SystemTools\nonebot2-master\kokomi2\.venv\lib\site-packages\anyio\_backends\_asyncio.py", line 1203, in receive
    await self._protocol.read_event.wait()
  File "C:\Python310\lib\asyncio\locks.py", line 214, in wait
    await fut
asyncio.exceptions.CancelledError

During handling of the above exception, another exception occurred:

Traceback (most recent call last):
  File "S:\SystemTools\nonebot2-master\kokomi2\.venv\lib\site-packages\apscheduler\executors\base_py3.py", line 30, in run_coroutine_job
    retval = await job.func(*job.args, **job.kwargs)
  File "S:\SystemTools\nonebot2-master\kokomi2\kokomi2\plugins\hikari_bot\__init__.py", line 298, in job_listen_battle
    hikari = await get_diff_ship(hikari)
  File "S:\SystemTools\nonebot2-master\kokomi2\.venv\lib\site-packages\hikari_core\moudle\wws_real_game.py", line 140, in get_diff_ship
    latest_data = await get_latest_info(account['server'], account['account_id'])
  File "S:\SystemTools\nonebot2-master\kokomi2\.venv\lib\site-packages\hikari_core\moudle\wws_real_game.py", line 42, in get_latest_info
    resp = await client_wg.get(api_list[server], params=params)
  File "S:\SystemTools\nonebot2-master\kokomi2\.venv\lib\site-packages\httpx\_client.py", line 1757, in get
    return await self.request(
  File "S:\SystemTools\nonebot2-master\kokomi2\.venv\lib\site-packages\httpx\_client.py", line 1530, in request
    return await self.send(request, auth=auth, follow_redirects=follow_redirects)
  File "S:\SystemTools\nonebot2-master\kokomi2\.venv\lib\site-packages\httpx\_client.py", line 1617, in send
    response = await self._send_handling_auth(
  File "S:\SystemTools\nonebot2-master\kokomi2\.venv\lib\site-packages\httpx\_client.py", line 1645, in _send_handling_auth
    response = await self._send_handling_redirects(
  File "S:\SystemTools\nonebot2-master\kokomi2\.venv\lib\site-packages\httpx\_client.py", line 1682, in _send_handling_redirects
    response = await self._send_single_request(request)
  File "S:\SystemTools\nonebot2-master\kokomi2\.venv\lib\site-packages\httpx\_client.py", line 1719, in _send_single_request
    response = await transport.handle_async_request(request)
  File "S:\SystemTools\nonebot2-master\kokomi2\.venv\lib\site-packages\httpx\_transports\default.py", line 353, in handle_async_request
    resp = await self._pool.handle_async_request(req)
  File "S:\SystemTools\nonebot2-master\kokomi2\.venv\lib\site-packages\httpcore\_async\connection_pool.py", line 262, in handle_async_request
    raise exc
  File "S:\SystemTools\nonebot2-master\kokomi2\.venv\lib\site-packages\httpcore\_async\connection_pool.py", line 245, in handle_async_request
    response = await connection.handle_async_request(request)
  File "S:\SystemTools\nonebot2-master\kokomi2\.venv\lib\site-packages\httpcore\_async\http_proxy.py", line 326, in handle_async_request
    return await self._connection.handle_async_request(request)
  File "S:\SystemTools\nonebot2-master\kokomi2\.venv\lib\site-packages\httpcore\_async\http11.py", line 120, in handle_async_request
    await self._response_closed()
  File "S:\SystemTools\nonebot2-master\kokomi2\.venv\lib\site-packages\anyio\_core\_synchronization.py", line 143, in acquire
    await cancel_shielded_checkpoint()
  File "S:\SystemTools\nonebot2-master\kokomi2\.venv\lib\site-packages\anyio\lowlevel.py", line 61, in cancel_shielded_checkpoint
    await get_asynclib().cancel_shielded_checkpoint()
  File "S:\SystemTools\nonebot2-master\kokomi2\.venv\lib\site-packages\anyio\_backends\_asyncio.py", line 471, in cancel_shielded_checkpoint
    await sleep(0)
  File "C:\Python310\lib\asyncio\tasks.py", line 596, in sleep
    await __sleep0()
  File "C:\Python310\lib\asyncio\tasks.py", line 590, in __sleep0
    yield
asyncio.exceptions.CancelledError
INFO:uvicorn.error:Started server process [46828]
INFO:uvicorn.error:Waiting for application startup.
INFO:uvicorn.error:Application startup complete.
INFO:uvicorn.error:Uvicorn running on http://0.0.0.0:8080 (Press CTRL+C to quit)
INFO:uvicorn.error:('127.0.0.1', 13254) - "WebSocket /onebot/v11/ws" [accepted]
INFO:uvicorn.error:connection open
INFO:uvicorn.error:Shutting down
INFO:uvicorn.error:connection closed
INFO:uvicorn.error:Waiting for application shutdown.
INFO:uvicorn.error:Application shutdown complete.
INFO:uvicorn.error:Finished server process [46828]
INFO:uvicorn.error:Started server process [42380]
INFO:uvicorn.error:Waiting for application startup.
INFO:uvicorn.error:Application startup complete.
INFO:uvicorn.error:Uvicorn running on http://0.0.0.0:8080 (Press CTRL+C to quit)
INFO:uvicorn.error:('127.0.0.1', 13578) - "WebSocket /onebot/v11/ws" [accepted]
INFO:uvicorn.error:connection open
INFO:uvicorn.error:Shutting down
INFO:uvicorn.error:connection closed
INFO:uvicorn.error:Waiting for application shutdown.
INFO:uvicorn.error:Application shutdown complete.
INFO:uvicorn.error:Finished server process [42380]
INFO:uvicorn.error:Started server process [37740]
INFO:uvicorn.error:Waiting for application startup.
INFO:uvicorn.error:Application startup complete.
INFO:uvicorn.error:Uvicorn running on http://0.0.0.0:8080 (Press CTRL+C to quit)
INFO:uvicorn.error:('127.0.0.1', 13695) - "WebSocket /onebot/v11/ws" [accepted]
INFO:uvicorn.error:connection open
INFO:uvicorn.error:Shutting down
INFO:uvicorn.error:connection closed
INFO:uvicorn.error:Waiting for application shutdown.
INFO:uvicorn.error:Application shutdown complete.
INFO:uvicorn.error:Finished server process [37740]
INFO:uvicorn.error:Started server process [21576]
INFO:uvicorn.error:Waiting for application startup.
INFO:uvicorn.error:Application startup complete.
INFO:uvicorn.error:Uvicorn running on http://0.0.0.0:8080 (Press CTRL+C to quit)
INFO:uvicorn.error:('127.0.0.1', 4142) - "WebSocket /onebot/v11/ws" [accepted]
INFO:uvicorn.error:connection open
INFO:uvicorn.error:Shutting down
INFO:uvicorn.error:connection closed
INFO:uvicorn.error:Waiting for application shutdown.
INFO:uvicorn.error:Application shutdown complete.
INFO:uvicorn.error:Finished server process [21576]
INFO:uvicorn.error:Started server process [3980]
INFO:uvicorn.error:Waiting for application startup.
INFO:uvicorn.error:Application startup complete.
INFO:uvicorn.error:Uvicorn running on http://0.0.0.0:8080 (Press CTRL+C to quit)
INFO:uvicorn.error:('127.0.0.1', 4331) - "WebSocket /onebot/v11/ws" [accepted]
INFO:uvicorn.error:connection open
INFO:uvicorn.error:Shutting down
INFO:uvicorn.error:connection closed
INFO:uvicorn.error:Waiting for application shutdown.
INFO:uvicorn.error:Application shutdown complete.
INFO:uvicorn.error:Finished server process [3980]
ERROR:apscheduler.executors.default:Job "job_listen_battle (trigger: interval[0:01:00], next run at: 2023-09-04 21:36:10 CST)" raised an exception
Traceback (most recent call last):
  File "S:\SystemTools\nonebot2-master\kokomi2\.venv\lib\site-packages\anyio\streams\tls.py", line 131, in _call_sslobject_method
    result = func(*args)
  File "C:\Python310\lib\ssl.py", line 917, in read
    v = self._sslobj.read(len)
ssl.SSLWantReadError: The operation did not complete (read) (_ssl.c:2578)

During handling of the above exception, another exception occurred:

Traceback (most recent call last):
  File "S:\SystemTools\nonebot2-master\kokomi2\.venv\lib\site-packages\httpcore\_async\http11.py", line 99, in handle_async_request
    ) = await self._receive_response_headers(**kwargs)
  File "S:\SystemTools\nonebot2-master\kokomi2\.venv\lib\site-packages\httpcore\_async\http11.py", line 164, in _receive_response_headers
    event = await self._receive_event(timeout=timeout)
  File "S:\SystemTools\nonebot2-master\kokomi2\.venv\lib\site-packages\httpcore\_async\http11.py", line 200, in _receive_event
    data = await self._network_stream.read(
  File "S:\SystemTools\nonebot2-master\kokomi2\.venv\lib\site-packages\httpcore\_backends\anyio.py", line 34, in read
    return await self._stream.receive(max_bytes=max_bytes)
  File "S:\SystemTools\nonebot2-master\kokomi2\.venv\lib\site-packages\anyio\streams\tls.py", line 196, in receive
    data = await self._call_sslobject_method(self._ssl_object.read, max_bytes)
  File "S:\SystemTools\nonebot2-master\kokomi2\.venv\lib\site-packages\anyio\streams\tls.py", line 138, in _call_sslobject_method
    data = await self.transport_stream.receive()
  File "S:\SystemTools\nonebot2-master\kokomi2\.venv\lib\site-packages\anyio\_backends\_asyncio.py", line 1196, in receive
    await checkpoint()
  File "S:\SystemTools\nonebot2-master\kokomi2\.venv\lib\site-packages\anyio\_backends\_asyncio.py", line 447, in checkpoint
    await sleep(0)
  File "C:\Python310\lib\asyncio\tasks.py", line 596, in sleep
    await __sleep0()
  File "C:\Python310\lib\asyncio\tasks.py", line 590, in __sleep0
    yield
asyncio.exceptions.CancelledError

During handling of the above exception, another exception occurred:

Traceback (most recent call last):
  File "S:\SystemTools\nonebot2-master\kokomi2\.venv\lib\site-packages\apscheduler\executors\base_py3.py", line 30, in run_coroutine_job
    retval = await job.func(*job.args, **job.kwargs)
  File "S:\SystemTools\nonebot2-master\kokomi2\kokomi2\plugins\hikari_bot\__init__.py", line 298, in job_listen_battle
    hikari = await get_diff_ship(hikari)
  File "S:\SystemTools\nonebot2-master\kokomi2\.venv\lib\site-packages\hikari_core\moudle\wws_real_game.py", line 140, in get_diff_ship
    latest_data = await get_latest_info(account['server'], account['account_id'])
  File "S:\SystemTools\nonebot2-master\kokomi2\.venv\lib\site-packages\hikari_core\moudle\wws_real_game.py", line 42, in get_latest_info
    resp = await client_wg.get(api_list[server], params=params)
  File "S:\SystemTools\nonebot2-master\kokomi2\.venv\lib\site-packages\httpx\_client.py", line 1757, in get
    return await self.request(
  File "S:\SystemTools\nonebot2-master\kokomi2\.venv\lib\site-packages\httpx\_client.py", line 1530, in request
    return await self.send(request, auth=auth, follow_redirects=follow_redirects)
  File "S:\SystemTools\nonebot2-master\kokomi2\.venv\lib\site-packages\httpx\_client.py", line 1617, in send
    response = await self._send_handling_auth(
  File "S:\SystemTools\nonebot2-master\kokomi2\.venv\lib\site-packages\httpx\_client.py", line 1645, in _send_handling_auth
    response = await self._send_handling_redirects(
  File "S:\SystemTools\nonebot2-master\kokomi2\.venv\lib\site-packages\httpx\_client.py", line 1682, in _send_handling_redirects
    response = await self._send_single_request(request)
  File "S:\SystemTools\nonebot2-master\kokomi2\.venv\lib\site-packages\httpx\_client.py", line 1719, in _send_single_request
    response = await transport.handle_async_request(request)
  File "S:\SystemTools\nonebot2-master\kokomi2\.venv\lib\site-packages\httpx\_transports\default.py", line 353, in handle_async_request
    resp = await self._pool.handle_async_request(req)
  File "S:\SystemTools\nonebot2-master\kokomi2\.venv\lib\site-packages\httpcore\_async\connection_pool.py", line 262, in handle_async_request
    raise exc
  File "S:\SystemTools\nonebot2-master\kokomi2\.venv\lib\site-packages\httpcore\_async\connection_pool.py", line 245, in handle_async_request
    response = await connection.handle_async_request(request)
  File "S:\SystemTools\nonebot2-master\kokomi2\.venv\lib\site-packages\httpcore\_async\http_proxy.py", line 326, in handle_async_request
    return await self._connection.handle_async_request(request)
  File "S:\SystemTools\nonebot2-master\kokomi2\.venv\lib\site-packages\httpcore\_async\http11.py", line 120, in handle_async_request
    await self._response_closed()
  File "S:\SystemTools\nonebot2-master\kokomi2\.venv\lib\site-packages\anyio\_core\_synchronization.py", line 143, in acquire
    await cancel_shielded_checkpoint()
  File "S:\SystemTools\nonebot2-master\kokomi2\.venv\lib\site-packages\anyio\lowlevel.py", line 61, in cancel_shielded_checkpoint
    await get_asynclib().cancel_shielded_checkpoint()
  File "S:\SystemTools\nonebot2-master\kokomi2\.venv\lib\site-packages\anyio\_backends\_asyncio.py", line 471, in cancel_shielded_checkpoint
    await sleep(0)
  File "C:\Python310\lib\asyncio\tasks.py", line 596, in sleep
    await __sleep0()
  File "C:\Python310\lib\asyncio\tasks.py", line 590, in __sleep0
    yield
asyncio.exceptions.CancelledError
INFO:uvicorn.error:Started server process [38372]
INFO:uvicorn.error:Waiting for application startup.
INFO:uvicorn.error:Application startup complete.
INFO:uvicorn.error:Uvicorn running on http://0.0.0.0:8080 (Press CTRL+C to quit)
INFO:uvicorn.error:('127.0.0.1', 4671) - "WebSocket /onebot/v11/ws" [accepted]
INFO:uvicorn.error:connection open
INFO:uvicorn.error:Shutting down
INFO:uvicorn.error:connection closed
INFO:uvicorn.error:Waiting for application shutdown.
INFO:uvicorn.error:Application shutdown complete.
INFO:uvicorn.error:Finished server process [38372]
INFO:uvicorn.error:Started server process [13616]
INFO:uvicorn.error:Waiting for application startup.
INFO:uvicorn.error:Application startup complete.
INFO:uvicorn.error:Uvicorn running on http://0.0.0.0:8080 (Press CTRL+C to quit)
INFO:uvicorn.error:('127.0.0.1', 4828) - "WebSocket /onebot/v11/ws" [accepted]
INFO:uvicorn.error:connection open
INFO:uvicorn.error:Shutting down
INFO:uvicorn.error:connection closed
INFO:uvicorn.error:Waiting for application shutdown.
INFO:uvicorn.error:Application shutdown complete.
INFO:uvicorn.error:Finished server process [13616]
INFO:uvicorn.error:Started server process [47560]
INFO:uvicorn.error:Waiting for application startup.
INFO:uvicorn.error:Application startup complete.
INFO:uvicorn.error:Uvicorn running on http://0.0.0.0:8080 (Press CTRL+C to quit)
INFO:uvicorn.error:('127.0.0.1', 4873) - "WebSocket /onebot/v11/ws" [accepted]
INFO:uvicorn.error:connection open
INFO:uvicorn.error:Shutting down
INFO:uvicorn.error:connection closed
INFO:uvicorn.error:Waiting for application shutdown.
INFO:uvicorn.error:Application shutdown complete.
INFO:uvicorn.error:Finished server process [47560]
INFO:uvicorn.error:Started server process [32208]
INFO:uvicorn.error:Waiting for application startup.
INFO:uvicorn.error:Application startup complete.
INFO:uvicorn.error:Uvicorn running on http://0.0.0.0:8080 (Press CTRL+C to quit)
INFO:uvicorn.error:('127.0.0.1', 4893) - "WebSocket /onebot/v11/ws" [accepted]
INFO:uvicorn.error:connection open
INFO:uvicorn.error:Shutting down
INFO:uvicorn.error:connection closed
INFO:uvicorn.error:Waiting for application shutdown.
INFO:uvicorn.error:Application shutdown complete.
INFO:uvicorn.error:Finished server process [32208]
INFO:uvicorn.error:Started server process [33168]
INFO:uvicorn.error:Waiting for application startup.
INFO:uvicorn.error:Application startup complete.
INFO:uvicorn.error:Uvicorn running on http://0.0.0.0:8080 (Press CTRL+C to quit)
INFO:uvicorn.error:('127.0.0.1', 4921) - "WebSocket /onebot/v11/ws" [accepted]
INFO:uvicorn.error:connection open
INFO:uvicorn.error:Shutting down
INFO:uvicorn.error:connection closed
INFO:uvicorn.error:Waiting for application shutdown.
INFO:uvicorn.error:Application shutdown complete.
INFO:uvicorn.error:Finished server process [33168]
INFO:uvicorn.error:Started server process [29036]
INFO:uvicorn.error:Waiting for application startup.
INFO:uvicorn.error:Application startup complete.
INFO:uvicorn.error:Uvicorn running on http://0.0.0.0:8080 (Press CTRL+C to quit)
INFO:uvicorn.error:('127.0.0.1', 4945) - "WebSocket /onebot/v11/ws" [accepted]
INFO:uvicorn.error:connection open
INFO:uvicorn.error:Shutting down
INFO:uvicorn.error:connection closed
INFO:uvicorn.error:Waiting for application shutdown.
INFO:uvicorn.error:Application shutdown complete.
INFO:uvicorn.error:Finished server process [29036]
INFO:uvicorn.error:Started server process [42320]
INFO:uvicorn.error:Waiting for application startup.
INFO:uvicorn.error:Application startup complete.
INFO:uvicorn.error:Uvicorn running on http://0.0.0.0:8080 (Press CTRL+C to quit)
INFO:uvicorn.error:('127.0.0.1', 5009) - "WebSocket /onebot/v11/ws" [accepted]
INFO:uvicorn.error:connection open
INFO:uvicorn.error:Shutting down
INFO:uvicorn.error:connection closed
INFO:uvicorn.error:Waiting for application shutdown.
INFO:uvicorn.error:Application shutdown complete.
INFO:uvicorn.error:Finished server process [42320]
INFO:uvicorn.error:Started server process [30084]
INFO:uvicorn.error:Waiting for application startup.
INFO:uvicorn.error:Application startup complete.
INFO:uvicorn.error:Uvicorn running on http://0.0.0.0:8080 (Press CTRL+C to quit)
INFO:uvicorn.error:('127.0.0.1', 5047) - "WebSocket /onebot/v11/ws" [accepted]
INFO:uvicorn.error:connection open
INFO:uvicorn.error:Shutting down
INFO:uvicorn.error:connection closed
INFO:uvicorn.error:Waiting for application shutdown.
INFO:uvicorn.error:Application shutdown complete.
INFO:uvicorn.error:Finished server process [30084]
INFO:uvicorn.error:Started server process [11284]
INFO:uvicorn.error:Waiting for application startup.
INFO:uvicorn.error:Application startup complete.
INFO:uvicorn.error:Uvicorn running on http://0.0.0.0:8080 (Press CTRL+C to quit)
INFO:uvicorn.error:('127.0.0.1', 5123) - "WebSocket /onebot/v11/ws" [accepted]
INFO:uvicorn.error:connection open
INFO:uvicorn.error:Shutting down
INFO:uvicorn.error:connection closed
INFO:uvicorn.error:Waiting for application shutdown.
INFO:uvicorn.error:Application shutdown complete.
INFO:uvicorn.error:Finished server process [11284]
INFO:uvicorn.error:Started server process [37308]
INFO:uvicorn.error:Waiting for application startup.
INFO:uvicorn.error:Application startup complete.
INFO:uvicorn.error:Uvicorn running on http://0.0.0.0:8080 (Press CTRL+C to quit)
INFO:uvicorn.error:('127.0.0.1', 5523) - "WebSocket /onebot/v11/ws" [accepted]
INFO:uvicorn.error:connection open
INFO:uvicorn.error:Shutting down
INFO:uvicorn.error:connection closed
INFO:uvicorn.error:Waiting for application shutdown.
INFO:uvicorn.error:Application shutdown complete.
INFO:uvicorn.error:Finished server process [37308]
INFO:uvicorn.error:Started server process [45300]
INFO:uvicorn.error:Waiting for application startup.
INFO:uvicorn.error:Application startup complete.
INFO:uvicorn.error:Uvicorn running on http://0.0.0.0:8080 (Press CTRL+C to quit)
INFO:uvicorn.error:('127.0.0.1', 4745) - "WebSocket /onebot/v11/ws" [accepted]
INFO:uvicorn.error:connection open
INFO:uvicorn.error:Shutting down
INFO:uvicorn.error:connection closed
INFO:uvicorn.error:Waiting for application shutdown.
INFO:uvicorn.error:Application shutdown complete.
INFO:uvicorn.error:Finished server process [45300]
ERROR:apscheduler.executors.default:Job "job_listen_battle (trigger: interval[0:01:00], next run at: 2023-09-05 00:42:04 CST)" raised an exception
Traceback (most recent call last):
  File "S:\SystemTools\nonebot2-master\kokomi2\.venv\lib\site-packages\anyio\streams\tls.py", line 131, in _call_sslobject_method
    result = func(*args)
  File "C:\Python310\lib\ssl.py", line 917, in read
    v = self._sslobj.read(len)
ssl.SSLWantReadError: The operation did not complete (read) (_ssl.c:2578)

During handling of the above exception, another exception occurred:

Traceback (most recent call last):
  File "S:\SystemTools\nonebot2-master\kokomi2\.venv\lib\site-packages\httpcore\_async\http11.py", line 99, in handle_async_request
    ) = await self._receive_response_headers(**kwargs)
  File "S:\SystemTools\nonebot2-master\kokomi2\.venv\lib\site-packages\httpcore\_async\http11.py", line 164, in _receive_response_headers
    event = await self._receive_event(timeout=timeout)
  File "S:\SystemTools\nonebot2-master\kokomi2\.venv\lib\site-packages\httpcore\_async\http11.py", line 200, in _receive_event
    data = await self._network_stream.read(
  File "S:\SystemTools\nonebot2-master\kokomi2\.venv\lib\site-packages\httpcore\_backends\anyio.py", line 34, in read
    return await self._stream.receive(max_bytes=max_bytes)
  File "S:\SystemTools\nonebot2-master\kokomi2\.venv\lib\site-packages\anyio\streams\tls.py", line 196, in receive
    data = await self._call_sslobject_method(self._ssl_object.read, max_bytes)
  File "S:\SystemTools\nonebot2-master\kokomi2\.venv\lib\site-packages\anyio\streams\tls.py", line 138, in _call_sslobject_method
    data = await self.transport_stream.receive()
  File "S:\SystemTools\nonebot2-master\kokomi2\.venv\lib\site-packages\anyio\_backends\_asyncio.py", line 1203, in receive
    await self._protocol.read_event.wait()
  File "C:\Python310\lib\asyncio\locks.py", line 214, in wait
    await fut
asyncio.exceptions.CancelledError

During handling of the above exception, another exception occurred:

Traceback (most recent call last):
  File "S:\SystemTools\nonebot2-master\kokomi2\.venv\lib\site-packages\apscheduler\executors\base_py3.py", line 30, in run_coroutine_job
    retval = await job.func(*job.args, **job.kwargs)
  File "S:\SystemTools\nonebot2-master\kokomi2\kokomi2\plugins\hikari_bot\__init__.py", line 298, in job_listen_battle
    hikari = await get_diff_ship(hikari)
  File "S:\SystemTools\nonebot2-master\kokomi2\.venv\lib\site-packages\hikari_core\moudle\wws_real_game.py", line 140, in get_diff_ship
    latest_data = await get_latest_info(account['server'], account['account_id'])
  File "S:\SystemTools\nonebot2-master\kokomi2\.venv\lib\site-packages\hikari_core\moudle\wws_real_game.py", line 42, in get_latest_info
    resp = await client_wg.get(api_list[server], params=params)
  File "S:\SystemTools\nonebot2-master\kokomi2\.venv\lib\site-packages\httpx\_client.py", line 1757, in get
    return await self.request(
  File "S:\SystemTools\nonebot2-master\kokomi2\.venv\lib\site-packages\httpx\_client.py", line 1530, in request
    return await self.send(request, auth=auth, follow_redirects=follow_redirects)
  File "S:\SystemTools\nonebot2-master\kokomi2\.venv\lib\site-packages\httpx\_client.py", line 1617, in send
    response = await self._send_handling_auth(
  File "S:\SystemTools\nonebot2-master\kokomi2\.venv\lib\site-packages\httpx\_client.py", line 1645, in _send_handling_auth
    response = await self._send_handling_redirects(
  File "S:\SystemTools\nonebot2-master\kokomi2\.venv\lib\site-packages\httpx\_client.py", line 1682, in _send_handling_redirects
    response = await self._send_single_request(request)
  File "S:\SystemTools\nonebot2-master\kokomi2\.venv\lib\site-packages\httpx\_client.py", line 1719, in _send_single_request
    response = await transport.handle_async_request(request)
  File "S:\SystemTools\nonebot2-master\kokomi2\.venv\lib\site-packages\httpx\_transports\default.py", line 353, in handle_async_request
    resp = await self._pool.handle_async_request(req)
  File "S:\SystemTools\nonebot2-master\kokomi2\.venv\lib\site-packages\httpcore\_async\connection_pool.py", line 262, in handle_async_request
    raise exc
  File "S:\SystemTools\nonebot2-master\kokomi2\.venv\lib\site-packages\httpcore\_async\connection_pool.py", line 245, in handle_async_request
    response = await connection.handle_async_request(request)
  File "S:\SystemTools\nonebot2-master\kokomi2\.venv\lib\site-packages\httpcore\_async\http_proxy.py", line 326, in handle_async_request
    return await self._connection.handle_async_request(request)
  File "S:\SystemTools\nonebot2-master\kokomi2\.venv\lib\site-packages\httpcore\_async\http11.py", line 120, in handle_async_request
    await self._response_closed()
  File "S:\SystemTools\nonebot2-master\kokomi2\.venv\lib\site-packages\anyio\_core\_synchronization.py", line 143, in acquire
    await cancel_shielded_checkpoint()
  File "S:\SystemTools\nonebot2-master\kokomi2\.venv\lib\site-packages\anyio\lowlevel.py", line 61, in cancel_shielded_checkpoint
    await get_asynclib().cancel_shielded_checkpoint()
  File "S:\SystemTools\nonebot2-master\kokomi2\.venv\lib\site-packages\anyio\_backends\_asyncio.py", line 471, in cancel_shielded_checkpoint
    await sleep(0)
  File "C:\Python310\lib\asyncio\tasks.py", line 596, in sleep
    await __sleep0()
  File "C:\Python310\lib\asyncio\tasks.py", line 590, in __sleep0
    yield
asyncio.exceptions.CancelledError
INFO:uvicorn.error:Started server process [41476]
INFO:uvicorn.error:Waiting for application startup.
INFO:uvicorn.error:Application startup complete.
INFO:uvicorn.error:Uvicorn running on http://0.0.0.0:8080 (Press CTRL+C to quit)
INFO:uvicorn.error:('127.0.0.1', 4879) - "WebSocket /onebot/v11/ws" [accepted]
INFO:uvicorn.error:connection open
INFO:uvicorn.error:Shutting down
INFO:uvicorn.error:connection closed
INFO:uvicorn.error:Waiting for application shutdown.
INFO:uvicorn.error:Application shutdown complete.
INFO:uvicorn.error:Finished server process [41476]
INFO:uvicorn.error:Started server process [27292]
INFO:uvicorn.error:Waiting for application startup.
INFO:uvicorn.error:Application startup complete.
INFO:uvicorn.error:Uvicorn running on http://0.0.0.0:8080 (Press CTRL+C to quit)
INFO:uvicorn.error:('127.0.0.1', 4930) - "WebSocket /onebot/v11/ws" [accepted]
INFO:uvicorn.error:connection open
INFO:uvicorn.error:Shutting down
INFO:uvicorn.error:connection closed
INFO:uvicorn.error:Waiting for application shutdown.
INFO:uvicorn.error:Application shutdown complete.
INFO:uvicorn.error:Finished server process [27292]
INFO:uvicorn.error:Started server process [21516]
INFO:uvicorn.error:Waiting for application startup.
INFO:uvicorn.error:Application startup complete.
INFO:uvicorn.error:Uvicorn running on http://0.0.0.0:8080 (Press CTRL+C to quit)
INFO:uvicorn.error:('127.0.0.1', 6299) - "WebSocket /onebot/v11/ws" [accepted]
INFO:uvicorn.error:connection open
INFO:uvicorn.error:Shutting down
INFO:uvicorn.error:connection closed
INFO:uvicorn.error:Waiting for application shutdown.
INFO:uvicorn.error:Application shutdown complete.
INFO:uvicorn.error:Finished server process [21516]
ERROR:apscheduler.executors.default:Job "job_listen_battle (trigger: interval[0:01:00], next run at: 2023-09-05 01:02:02 CST)" raised an exception
Traceback (most recent call last):
  File "S:\SystemTools\nonebot2-master\kokomi2\.venv\lib\site-packages\anyio\streams\tls.py", line 131, in _call_sslobject_method
    result = func(*args)
  File "C:\Python310\lib\ssl.py", line 917, in read
    v = self._sslobj.read(len)
ssl.SSLWantReadError: The operation did not complete (read) (_ssl.c:2578)

During handling of the above exception, another exception occurred:

Traceback (most recent call last):
  File "S:\SystemTools\nonebot2-master\kokomi2\.venv\lib\site-packages\httpcore\_async\http11.py", line 99, in handle_async_request
    ) = await self._receive_response_headers(**kwargs)
  File "S:\SystemTools\nonebot2-master\kokomi2\.venv\lib\site-packages\httpcore\_async\http11.py", line 164, in _receive_response_headers
    event = await self._receive_event(timeout=timeout)
  File "S:\SystemTools\nonebot2-master\kokomi2\.venv\lib\site-packages\httpcore\_async\http11.py", line 200, in _receive_event
    data = await self._network_stream.read(
  File "S:\SystemTools\nonebot2-master\kokomi2\.venv\lib\site-packages\httpcore\_backends\anyio.py", line 34, in read
    return await self._stream.receive(max_bytes=max_bytes)
  File "S:\SystemTools\nonebot2-master\kokomi2\.venv\lib\site-packages\anyio\streams\tls.py", line 196, in receive
    data = await self._call_sslobject_method(self._ssl_object.read, max_bytes)
  File "S:\SystemTools\nonebot2-master\kokomi2\.venv\lib\site-packages\anyio\streams\tls.py", line 138, in _call_sslobject_method
    data = await self.transport_stream.receive()
  File "S:\SystemTools\nonebot2-master\kokomi2\.venv\lib\site-packages\anyio\_backends\_asyncio.py", line 1203, in receive
    await self._protocol.read_event.wait()
  File "C:\Python310\lib\asyncio\locks.py", line 214, in wait
    await fut
asyncio.exceptions.CancelledError

During handling of the above exception, another exception occurred:

Traceback (most recent call last):
  File "S:\SystemTools\nonebot2-master\kokomi2\.venv\lib\site-packages\apscheduler\executors\base_py3.py", line 30, in run_coroutine_job
    retval = await job.func(*job.args, **job.kwargs)
  File "S:\SystemTools\nonebot2-master\kokomi2\kokomi2\plugins\hikari_bot\__init__.py", line 298, in job_listen_battle
    hikari = await get_diff_ship(hikari)
  File "S:\SystemTools\nonebot2-master\kokomi2\.venv\lib\site-packages\hikari_core\moudle\wws_real_game.py", line 140, in get_diff_ship
    latest_data = await get_latest_info(account['server'], account['account_id'])
  File "S:\SystemTools\nonebot2-master\kokomi2\.venv\lib\site-packages\hikari_core\moudle\wws_real_game.py", line 42, in get_latest_info
    resp = await client_wg.get(api_list[server], params=params)
  File "S:\SystemTools\nonebot2-master\kokomi2\.venv\lib\site-packages\httpx\_client.py", line 1757, in get
    return await self.request(
  File "S:\SystemTools\nonebot2-master\kokomi2\.venv\lib\site-packages\httpx\_client.py", line 1530, in request
    return await self.send(request, auth=auth, follow_redirects=follow_redirects)
  File "S:\SystemTools\nonebot2-master\kokomi2\.venv\lib\site-packages\httpx\_client.py", line 1617, in send
    response = await self._send_handling_auth(
  File "S:\SystemTools\nonebot2-master\kokomi2\.venv\lib\site-packages\httpx\_client.py", line 1645, in _send_handling_auth
    response = await self._send_handling_redirects(
  File "S:\SystemTools\nonebot2-master\kokomi2\.venv\lib\site-packages\httpx\_client.py", line 1682, in _send_handling_redirects
    response = await self._send_single_request(request)
  File "S:\SystemTools\nonebot2-master\kokomi2\.venv\lib\site-packages\httpx\_client.py", line 1719, in _send_single_request
    response = await transport.handle_async_request(request)
  File "S:\SystemTools\nonebot2-master\kokomi2\.venv\lib\site-packages\httpx\_transports\default.py", line 353, in handle_async_request
    resp = await self._pool.handle_async_request(req)
  File "S:\SystemTools\nonebot2-master\kokomi2\.venv\lib\site-packages\httpcore\_async\connection_pool.py", line 262, in handle_async_request
    raise exc
  File "S:\SystemTools\nonebot2-master\kokomi2\.venv\lib\site-packages\httpcore\_async\connection_pool.py", line 245, in handle_async_request
    response = await connection.handle_async_request(request)
  File "S:\SystemTools\nonebot2-master\kokomi2\.venv\lib\site-packages\httpcore\_async\http_proxy.py", line 326, in handle_async_request
    return await self._connection.handle_async_request(request)
  File "S:\SystemTools\nonebot2-master\kokomi2\.venv\lib\site-packages\httpcore\_async\http11.py", line 120, in handle_async_request
    await self._response_closed()
  File "S:\SystemTools\nonebot2-master\kokomi2\.venv\lib\site-packages\anyio\_core\_synchronization.py", line 143, in acquire
    await cancel_shielded_checkpoint()
  File "S:\SystemTools\nonebot2-master\kokomi2\.venv\lib\site-packages\anyio\lowlevel.py", line 61, in cancel_shielded_checkpoint
    await get_asynclib().cancel_shielded_checkpoint()
  File "S:\SystemTools\nonebot2-master\kokomi2\.venv\lib\site-packages\anyio\_backends\_asyncio.py", line 471, in cancel_shielded_checkpoint
    await sleep(0)
  File "C:\Python310\lib\asyncio\tasks.py", line 596, in sleep
    await __sleep0()
  File "C:\Python310\lib\asyncio\tasks.py", line 590, in __sleep0
    yield
asyncio.exceptions.CancelledError
INFO:uvicorn.error:Started server process [14164]
INFO:uvicorn.error:Waiting for application startup.
INFO:uvicorn.error:Application startup complete.
INFO:uvicorn.error:Uvicorn running on http://0.0.0.0:8080 (Press CTRL+C to quit)
INFO:uvicorn.error:('127.0.0.1', 6408) - "WebSocket /onebot/v11/ws" [accepted]
INFO:uvicorn.error:connection open
INFO:uvicorn.error:Shutting down
INFO:uvicorn.error:connection closed
INFO:uvicorn.error:Waiting for application shutdown.
INFO:uvicorn.error:Application shutdown complete.
INFO:uvicorn.error:Finished server process [14164]
INFO:uvicorn.error:Started server process [27680]
INFO:uvicorn.error:Waiting for application startup.
INFO:uvicorn.error:Application startup complete.
INFO:uvicorn.error:Uvicorn running on http://0.0.0.0:8080 (Press CTRL+C to quit)
INFO:uvicorn.error:('127.0.0.1', 6871) - "WebSocket /onebot/v11/ws" [accepted]
INFO:uvicorn.error:connection open
INFO:uvicorn.error:Shutting down
INFO:uvicorn.error:connection closed
INFO:uvicorn.error:Waiting for application shutdown.
INFO:uvicorn.error:Application shutdown complete.
INFO:uvicorn.error:Finished server process [27680]
INFO:uvicorn.error:Started server process [792]
INFO:uvicorn.error:Waiting for application startup.
INFO:uvicorn.error:Application startup complete.
INFO:uvicorn.error:Uvicorn running on http://0.0.0.0:8080 (Press CTRL+C to quit)
INFO:uvicorn.error:('127.0.0.1', 7517) - "WebSocket /onebot/v11/ws" [accepted]
INFO:uvicorn.error:connection open
INFO:uvicorn.error:Started server process [32712]
INFO:uvicorn.error:Waiting for application startup.
INFO:uvicorn.error:Application startup complete.
INFO:uvicorn.error:Uvicorn running on http://0.0.0.0:8080 (Press CTRL+C to quit)
INFO:uvicorn.error:('127.0.0.1', 3815) - "WebSocket /onebot/v11/ws" [accepted]
INFO:uvicorn.error:connection open
INFO:uvicorn.error:Shutting down
INFO:uvicorn.error:connection closed
INFO:uvicorn.error:Waiting for application shutdown.
INFO:uvicorn.error:Application shutdown complete.
INFO:uvicorn.error:Finished server process [32712]
INFO:uvicorn.error:Started server process [29400]
INFO:uvicorn.error:Waiting for application startup.
INFO:uvicorn.error:Application startup complete.
INFO:uvicorn.error:Uvicorn running on http://0.0.0.0:8080 (Press CTRL+C to quit)
INFO:uvicorn.error:('127.0.0.1', 8851) - "WebSocket /onebot/v11/ws" [accepted]
INFO:uvicorn.error:connection open
ERROR:root:Time:2023-09-08 23:11:07, Parameter:['2144218312', 'qq']
Traceback (most recent call last):
  File "S:\SystemTools\nonebot2-master\kokomi2\kokomi2\plugins\nonebot_plugin_kokomi\scripts\wws_search.py", line 34, in search_id
    result = res.json()
  File "S:\SystemTools\nonebot2-master\kokomi2\.venv\lib\site-packages\httpx\_models.py", line 756, in json
    return jsonlib.loads(self.text, **kwargs)
  File "C:\Python310\lib\json\__init__.py", line 346, in loads
    return _default_decoder.decode(s)
  File "C:\Python310\lib\json\decoder.py", line 337, in decode
    obj, end = self.raw_decode(s, idx=_w(s, 0).end())
  File "C:\Python310\lib\json\decoder.py", line 355, in raw_decode
    raise JSONDecodeError("Expecting value", s, err.value) from None
json.decoder.JSONDecodeError: Expecting value: line 1 column 1 (char 0)
INFO:uvicorn.error:Started server process [37464]
INFO:uvicorn.error:Waiting for application startup.
INFO:uvicorn.error:Application startup complete.
INFO:uvicorn.error:Uvicorn running on http://0.0.0.0:8080 (Press CTRL+C to quit)
INFO:uvicorn.error:('127.0.0.1', 14717) - "WebSocket /onebot/v11/ws" [accepted]
INFO:uvicorn.error:connection open
INFO:uvicorn.error:Started server process [30760]
INFO:uvicorn.error:Waiting for application startup.
INFO:uvicorn.error:Application startup complete.
INFO:uvicorn.error:Uvicorn running on http://0.0.0.0:8080 (Press CTRL+C to quit)
INFO:uvicorn.error:('127.0.0.1', 5216) - "WebSocket /onebot/v11/ws" [accepted]
INFO:uvicorn.error:connection open
INFO:uvicorn.error:Started server process [17140]
INFO:uvicorn.error:Waiting for application startup.
INFO:uvicorn.error:Application startup complete.
INFO:uvicorn.error:Uvicorn running on http://0.0.0.0:8080 (Press CTRL+C to quit)
INFO:uvicorn.error:('127.0.0.1', 5758) - "WebSocket /onebot/v11/ws" [accepted]
INFO:uvicorn.error:connection open
INFO:uvicorn.error:connection closed
INFO:uvicorn.error:Started server process [38248]
INFO:uvicorn.error:Waiting for application startup.
INFO:uvicorn.error:Application startup complete.
INFO:uvicorn.error:Uvicorn running on http://0.0.0.0:8080 (Press CTRL+C to quit)
INFO:uvicorn.error:('127.0.0.1', 5618) - "WebSocket /onebot/v11/ws" [accepted]
INFO:uvicorn.error:connection open
INFO:uvicorn.error:Shutting down
INFO:uvicorn.error:connection closed
INFO:uvicorn.error:Waiting for application shutdown.
INFO:uvicorn.error:Application shutdown complete.
INFO:uvicorn.error:Finished server process [38248]
INFO:uvicorn.error:Started server process [36416]
INFO:uvicorn.error:Waiting for application startup.
INFO:uvicorn.error:Application startup complete.
INFO:uvicorn.error:Uvicorn running on http://0.0.0.0:8080 (Press CTRL+C to quit)
INFO:uvicorn.error:('127.0.0.1', 5890) - "WebSocket /onebot/v11/ws" [accepted]
INFO:uvicorn.error:connection open
INFO:uvicorn.error:Shutting down
INFO:uvicorn.error:connection closed
INFO:uvicorn.error:Waiting for application shutdown.
INFO:uvicorn.error:Application shutdown complete.
INFO:uvicorn.error:Finished server process [36416]
INFO:uvicorn.error:Started server process [36164]
INFO:uvicorn.error:Waiting for application startup.
INFO:uvicorn.error:Application startup complete.
INFO:uvicorn.error:Uvicorn running on http://0.0.0.0:8080 (Press CTRL+C to quit)
INFO:uvicorn.error:('127.0.0.1', 6288) - "WebSocket /onebot/v11/ws" [accepted]
INFO:uvicorn.error:connection open
INFO:uvicorn.error:Shutting down
INFO:uvicorn.error:connection closed
INFO:uvicorn.error:Waiting for application shutdown.
INFO:uvicorn.error:Application shutdown complete.
INFO:uvicorn.error:Finished server process [36164]
INFO:uvicorn.error:Started server process [19284]
INFO:uvicorn.error:Waiting for application startup.
INFO:uvicorn.error:Application startup complete.
INFO:uvicorn.error:Uvicorn running on http://0.0.0.0:8080 (Press CTRL+C to quit)
INFO:uvicorn.error:('127.0.0.1', 6709) - "WebSocket /onebot/v11/ws" [accepted]
INFO:uvicorn.error:connection open
